Using pre-set license
Built from '2020.2/release' branch; Version is '2020.2.2f1 (068178b99f32) revision 426360'; Using compiler version '192528614'; Build Type 'Release'
OS: 'Windows 10 Home; OS build 22631.3880; Version 2009; 64bit' Language: 'en' Physical Memory: 32657 MB
BatchMode: 1, IsHumanControllingUs: 0, StartBugReporterOnCrash: 0, Is64bit: 1, IsPro: 0

 COMMAND LINE ARGUMENTS:
C:\Program Files\Unity\Hub\Editor\2020.2.2f1\Editor\Unity.exe
-adb2
-batchMode
-noUpm
-name
AssetImportWorker0
-projectPath
C:/Users/Lucas/Documents/GitHub/GameJam3ItsBelow
-logFile
Logs/AssetImportWorker0.log
-srvPort
60601
Successfully changed project path to: C:/Users/Lucas/Documents/GitHub/GameJam3ItsBelow
C:/Users/Lucas/Documents/GitHub/GameJam3ItsBelow
Using Asset Import Pipeline V2.
Refreshing native plugins compatible for Editor in 45.29 ms, found 0 plugins.
Preloading 0 native plugins for Editor in 0.00 ms.
Initialize engine version: 2020.2.2f1 (068178b99f32)
[Subsystems] Discovering subsystems at path C:/Program Files/Unity/Hub/Editor/2020.2.2f1/Editor/Data/Resources/UnitySubsystems
[Subsystems] Discovering subsystems at path C:/Users/Lucas/Documents/GitHub/GameJam3ItsBelow/Assets
GfxDevice: creating device client; threaded=0
Direct3D:
    Version:  Direct3D 11.0 [level 11.1]
    Renderer: NVIDIA GeForce RTX 3070 Ti (ID=0x2482)
    Vendor:   
    VRAM:     8018 MB
    Driver:   32.0.15.6070
Initialize mono
Mono path[0] = 'C:/Program Files/Unity/Hub/Editor/2020.2.2f1/Editor/Data/Managed'
Mono path[1] = 'C:/Program Files/Unity/Hub/Editor/2020.2.2f1/Editor/Data/MonoBleedingEdge/lib/mono/unityjit'
Mono config path = 'C:/Program Files/Unity/Hub/Editor/2020.2.2f1/Editor/Data/MonoBleedingEdge/etc'
Using monoOptions --debugger-agent=transport=dt_socket,embedding=1,server=y,suspend=n,address=127.0.0.1:56924
Begin MonoManager ReloadAssembly
Registering precompiled unity dll's ...
Register platform support module: C:/Program Files/Unity/Hub/Editor/2020.2.2f1/Editor/Data/PlaybackEngines/WebGLSupport/UnityEditor.WebGL.Extensions.dll
Register platform support module: C:/Program Files/Unity/Hub/Editor/2020.2.2f1/Editor/Data/PlaybackEngines/WindowsStandaloneSupport/UnityEditor.WindowsStandalone.Extensions.dll
Registered in 0.002131 seconds.
Native extension for WindowsStandalone target not found
Native extension for WebGL target not found
Refreshing native plugins compatible for Editor in 38.21 ms, found 0 plugins.
Preloading 0 native plugins for Editor in 0.00 ms.
Invoked RoslynAnalysisRunner static constructor.
RoslynAnalysisRunner will not be running.
RoslynAnalysisRunner has terminated.
Mono: successfully reloaded assembly
- Completed reload, in  1.358 seconds
Platform modules already initialized, skipping
Registering precompiled user dll's ...
Registered in 0.000838 seconds.
Begin MonoManager ReloadAssembly
Native extension for WindowsStandalone target not found
Native extension for WebGL target not found
Refreshing native plugins compatible for Editor in 1.25 ms, found 0 plugins.
Preloading 0 native plugins for Editor in 0.00 ms.
Invoked RoslynAnalysisRunner static constructor.
RoslynAnalysisRunner will not be running.
RoslynAnalysisRunner has terminated.
Mono: successfully reloaded assembly
- Completed reload, in  0.798 seconds
Platform modules already initialized, skipping
========================================================================
Worker process is ready to serve import requests
Launched and connected shader compiler UnityShaderCompiler.exe after 0.04 seconds
Refreshing native plugins compatible for Editor in 0.82 ms, found 0 plugins.
Preloading 0 native plugins for Editor in 0.00 ms.
Unloading 1515 Unused Serialized files (Serialized files now loaded: 0)
System memory in use before: 77.2 MB.
System memory in use after: 77.2 MB.

Unloading 75 unused Assets to reduce memory usage. Loaded Objects now: 1951.
Total: 3.972100 ms (FindLiveObjects: 0.359200 ms CreateObjectMapping: 0.116100 ms MarkObjects: 3.226000 ms  DeleteObjects: 0.269200 ms)

========================================================================
Received Import Request.
  path: Assets/GameJam3ItsBelow/Scripts/Fish.cs
  artifactKey: Guid(c426cf3d912ee5f4697745eb4d3bcec8) Importer(815301076,1909f56bfc062723c751e8b465ee728b)
Start importing Assets/GameJam3ItsBelow/Scripts/Fish.cs using Guid(c426cf3d912ee5f4697745eb4d3bcec8) Importer(815301076,1909f56bfc062723c751e8b465ee728b)  -> (artifact id: '502c1195cb01232ae502371bddc528f4') in 0.041603 seconds
  Import took 0.045208 seconds .

========================================================================
Received Import Request.
  Time since last request: 3.096722 seconds.
  path: Assets/GameJam3ItsBelow/Scripts/Shader Scripts
  artifactKey: Guid(46879e64df9bd7a42a8f187a98e39f27) Importer(815301076,1909f56bfc062723c751e8b465ee728b)
Start importing Assets/GameJam3ItsBelow/Scripts/Shader Scripts using Guid(46879e64df9bd7a42a8f187a98e39f27) Importer(815301076,1909f56bfc062723c751e8b465ee728b)  -> (artifact id: '8796710ffaf25750a796101808585b43') in 0.006764 seconds
  Import took 0.009167 seconds .

========================================================================
Received Import Request.
  Time since last request: 7.305704 seconds.
  path: Assets/GameJam3ItsBelow/Scenes/SampleScene/LightingData.asset
  artifactKey: Guid(e591361b8dd65004e830c7c1012cd6a3) Importer(815301076,1909f56bfc062723c751e8b465ee728b)
Start importing Assets/GameJam3ItsBelow/Scenes/SampleScene/LightingData.asset using Guid(e591361b8dd65004e830c7c1012cd6a3) Importer(815301076,1909f56bfc062723c751e8b465ee728b)  -> (artifact id: 'd39714a85798cb1986ab42332f29b014') in 0.021694 seconds
  Import took 0.024406 seconds .

========================================================================
Received Import Request.
  Time since last request: 0.000217 seconds.
  path: Assets/GameJam3ItsBelow/Scenes/SampleScene/NavMesh-Water Floor.asset
  artifactKey: Guid(efa6750222f1bee42a3095c687a12694) Importer(815301076,1909f56bfc062723c751e8b465ee728b)
Start importing Assets/GameJam3ItsBelow/Scenes/SampleScene/NavMesh-Water Floor.asset using Guid(efa6750222f1bee42a3095c687a12694) Importer(815301076,1909f56bfc062723c751e8b465ee728b)  -> (artifact id: 'bd94a7e506659e3a783672352e3fcc5b') in 0.011759 seconds
  Import took 0.014423 seconds .

========================================================================
Received Import Request.
  Time since last request: 0.000271 seconds.
  path: Assets/GameJam3ItsBelow/Scenes/SampleScene/ReflectionProbe-0.exr
  artifactKey: Guid(4a651ce266f07604b852d0d26e69dc72) Importer(815301076,1909f56bfc062723c751e8b465ee728b)
Start importing Assets/GameJam3ItsBelow/Scenes/SampleScene/ReflectionProbe-0.exr using Guid(4a651ce266f07604b852d0d26e69dc72) Importer(815301076,1909f56bfc062723c751e8b465ee728b)  -> (artifact id: 'c42d712e5c0f85ddbcb755d652c4405f') in 0.084553 seconds
  Import took 0.086985 seconds .

========================================================================
Received Import Request.
  Time since last request: 0.000185 seconds.
  path: Assets/GameJam3ItsBelow/Scenes/SampleScene/NavMesh-Main Platform.asset
  artifactKey: Guid(71594df02caf45d439a30a047c81b1d0) Importer(815301076,1909f56bfc062723c751e8b465ee728b)
Start importing Assets/GameJam3ItsBelow/Scenes/SampleScene/NavMesh-Main Platform.asset using Guid(71594df02caf45d439a30a047c81b1d0) Importer(815301076,1909f56bfc062723c751e8b465ee728b)  -> (artifact id: '02739f6c66bbba26cc7e81a825c05422') in 0.011344 seconds
  Import took 0.013972 seconds .

========================================================================
Received Import Request.
  Time since last request: 4.005503 seconds.
  path: Assets/GameJam3ItsBelow/Scenes/SampleScene.unity
  artifactKey: Guid(9fc0d4010bbf28b4594072e72b8655ab) Importer(815301076,1909f56bfc062723c751e8b465ee728b)
Start importing Assets/GameJam3ItsBelow/Scenes/SampleScene.unity using Guid(9fc0d4010bbf28b4594072e72b8655ab) Importer(815301076,1909f56bfc062723c751e8b465ee728b)  -> (artifact id: 'd7a0067e3d34c4a025b09b12785264c7') in 0.009673 seconds
  Import took 0.012597 seconds .

========================================================================
Received Import Request.
  Time since last request: 786.286015 seconds.
  path: Assets/GameJam3ItsBelow/Scripts/ObjPooling.cs
  artifactKey: Guid(04e6aeb17e4114d468041f5a10756be6) Importer(815301076,1909f56bfc062723c751e8b465ee728b)
Start importing Assets/GameJam3ItsBelow/Scripts/ObjPooling.cs using Guid(04e6aeb17e4114d468041f5a10756be6) Importer(815301076,1909f56bfc062723c751e8b465ee728b)  -> (artifact id: '634b4ce162c89d598e565eb063d58678') in 0.008698 seconds
  Import took 0.011181 seconds .

========================================================================
Received Import Request.
  Time since last request: 0.000353 seconds.
  path: Assets/GameJam3ItsBelow/Scripts/ObjPooling.cs
  artifactKey: Guid(04e6aeb17e4114d468041f5a10756be6) Importer(815301076,1909f56bfc062723c751e8b465ee728b)
Start importing Assets/GameJam3ItsBelow/Scripts/ObjPooling.cs using Guid(04e6aeb17e4114d468041f5a10756be6) Importer(815301076,1909f56bfc062723c751e8b465ee728b)  -> (artifact id: '634b4ce162c89d598e565eb063d58678') in 0.001715 seconds
  Import took 0.003209 seconds .

========================================================================
Received Import Request.
  Time since last request: 2198.235856 seconds.
  path: Assets/GameJam3ItsBelow/Scripts
  artifactKey: Guid(c0e657b29f531ca4a948f122b3cead20) Importer(815301076,1909f56bfc062723c751e8b465ee728b)
Start importing Assets/GameJam3ItsBelow/Scripts using Guid(c0e657b29f531ca4a948f122b3cead20) Importer(815301076,1909f56bfc062723c751e8b465ee728b)  -> (artifact id: '42f0d4aae7e9e24859b15b498c2c3a1b') in 0.006459 seconds
  Import took 0.010706 seconds .

========================================================================
Received Import Request.
  Time since last request: 39.204644 seconds.
  path: Assets/GameJam3ItsBelow/Scripts/BoatController.cs
  artifactKey: Guid(3c1e3b200788cab4086256676d76a94e) Importer(815301076,1909f56bfc062723c751e8b465ee728b)
Start importing Assets/GameJam3ItsBelow/Scripts/BoatController.cs using Guid(3c1e3b200788cab4086256676d76a94e) Importer(815301076,1909f56bfc062723c751e8b465ee728b)  -> (artifact id: '45b5e34f17b50eb367b8c7457b365fbc') in 0.007206 seconds
  Import took 0.009638 seconds .

========================================================================
Received Prepare
Registering precompiled user dll's ...
Registered in 0.000605 seconds.
Begin MonoManager ReloadAssembly
Native extension for WindowsStandalone target not found
Native extension for WebGL target not found
Refreshing native plugins compatible for Editor in 0.34 ms, found 0 plugins.
Preloading 0 native plugins for Editor in 0.00 ms.
Warning: Annotation not found!
UnityEngine.StackTraceUtility:ExtractStackTrace ()
UnityEditor.ProBuilder.EditorUtility:SetGizmoIconEnabled (System.Type,bool) (at Library/PackageCache/com.unity.probuilder@4.4.0/Editor/EditorCore/EditorUtility.cs:593)
UnityEditor.ProBuilder.HierarchyListener:.cctor () (at Library/PackageCache/com.unity.probuilder@4.4.0/Editor/EditorCore/HierarchyListener.cs:21)
System.Runtime.CompilerServices.RuntimeHelpers:RunClassConstructor (System.RuntimeTypeHandle)
UnityEditor.EditorAssemblies:ProcessInitializeOnLoadAttributes (System.Type[])

[Library/PackageCache/com.unity.probuilder@4.4.0/Editor/EditorCore/EditorUtility.cs line 593]

Invoked RoslynAnalysisRunner static constructor.
RoslynAnalysisRunner will not be running.
RoslynAnalysisRunner has terminated.
Mono: successfully reloaded assembly
- Completed reload, in  0.595 seconds
Platform modules already initialized, skipping
Refreshing native plugins compatible for Editor in 0.38 ms, found 0 plugins.
Preloading 0 native plugins for Editor in 0.00 ms.
Unloading 1464 Unused Serialized files (Serialized files now loaded: 0)
System memory in use before: 77.2 MB.
System memory in use after: 77.2 MB.

Unloading 5 unused Assets to reduce memory usage. Loaded Objects now: 1986.
Total: 3.622900 ms (FindLiveObjects: 0.379700 ms CreateObjectMapping: 0.048000 ms MarkObjects: 3.064600 ms  DeleteObjects: 0.128800 ms)

========================================================================
Received Import Request.
  Time since last request: 94.538733 seconds.
  path: Assets/GameJam3ItsBelow/Scripts/BoatController.cs
  artifactKey: Guid(3c1e3b200788cab4086256676d76a94e) Importer(815301076,1909f56bfc062723c751e8b465ee728b)
Start importing Assets/GameJam3ItsBelow/Scripts/BoatController.cs using Guid(3c1e3b200788cab4086256676d76a94e) Importer(815301076,1909f56bfc062723c751e8b465ee728b)  -> (artifact id: '492a86c7078c38a94f867f0a64adb7bc') in 0.004424 seconds
  Import took 0.007122 seconds .

========================================================================
Received Prepare
Registering precompiled user dll's ...
Registered in 0.000611 seconds.
Begin MonoManager ReloadAssembly
Native extension for WindowsStandalone target not found
Native extension for WebGL target not found
Refreshing native plugins compatible for Editor in 0.33 ms, found 0 plugins.
Preloading 0 native plugins for Editor in 0.00 ms.
Warning: Annotation not found!
UnityEngine.StackTraceUtility:ExtractStackTrace ()
UnityEditor.ProBuilder.EditorUtility:SetGizmoIconEnabled (System.Type,bool) (at Library/PackageCache/com.unity.probuilder@4.4.0/Editor/EditorCore/EditorUtility.cs:593)
UnityEditor.ProBuilder.HierarchyListener:.cctor () (at Library/PackageCache/com.unity.probuilder@4.4.0/Editor/EditorCore/HierarchyListener.cs:21)
System.Runtime.CompilerServices.RuntimeHelpers:RunClassConstructor (System.RuntimeTypeHandle)
UnityEditor.EditorAssemblies:ProcessInitializeOnLoadAttributes (System.Type[])

[Library/PackageCache/com.unity.probuilder@4.4.0/Editor/EditorCore/EditorUtility.cs line 593]

Invoked RoslynAnalysisRunner static constructor.
RoslynAnalysisRunner will not be running.
RoslynAnalysisRunner has terminated.
Mono: successfully reloaded assembly
- Completed reload, in  0.576 seconds
Platform modules already initialized, skipping
Refreshing native plugins compatible for Editor in 0.32 ms, found 0 plugins.
Preloading 0 native plugins for Editor in 0.00 ms.
Unloading 1464 Unused Serialized files (Serialized files now loaded: 0)
System memory in use before: 77.8 MB.
System memory in use after: 77.8 MB.

Unloading 5 unused Assets to reduce memory usage. Loaded Objects now: 1988.
Total: 2.171300 ms (FindLiveObjects: 0.233600 ms CreateObjectMapping: 0.038600 ms MarkObjects: 1.824900 ms  DeleteObjects: 0.073500 ms)

========================================================================
Received Import Request.
  Time since last request: 872.312346 seconds.
  path: Assets/GameJam3ItsBelow/Scripts/BoatController.cs
  artifactKey: Guid(3c1e3b200788cab4086256676d76a94e) Importer(815301076,1909f56bfc062723c751e8b465ee728b)
Start importing Assets/GameJam3ItsBelow/Scripts/BoatController.cs using Guid(3c1e3b200788cab4086256676d76a94e) Importer(815301076,1909f56bfc062723c751e8b465ee728b)  -> (artifact id: '4b327d3c922f42c857d7e012a0215d12') in 0.007947 seconds
  Import took 0.009997 seconds .

========================================================================
Received Prepare
Registering precompiled user dll's ...
Registered in 0.000663 seconds.
Begin MonoManager ReloadAssembly
Native extension for WindowsStandalone target not found
Native extension for WebGL target not found
Refreshing native plugins compatible for Editor in 0.46 ms, found 0 plugins.
Preloading 0 native plugins for Editor in 0.00 ms.
Warning: Annotation not found!
UnityEngine.StackTraceUtility:ExtractStackTrace ()
UnityEditor.ProBuilder.EditorUtility:SetGizmoIconEnabled (System.Type,bool) (at Library/PackageCache/com.unity.probuilder@4.4.0/Editor/EditorCore/EditorUtility.cs:593)
UnityEditor.ProBuilder.HierarchyListener:.cctor () (at Library/PackageCache/com.unity.probuilder@4.4.0/Editor/EditorCore/HierarchyListener.cs:21)
System.Runtime.CompilerServices.RuntimeHelpers:RunClassConstructor (System.RuntimeTypeHandle)
UnityEditor.EditorAssemblies:ProcessInitializeOnLoadAttributes (System.Type[])

[Library/PackageCache/com.unity.probuilder@4.4.0/Editor/EditorCore/EditorUtility.cs line 593]

Invoked RoslynAnalysisRunner static constructor.
RoslynAnalysisRunner will not be running.
RoslynAnalysisRunner has terminated.
Mono: successfully reloaded assembly
- Completed reload, in  0.603 seconds
Platform modules already initialized, skipping
Refreshing native plugins compatible for Editor in 0.33 ms, found 0 plugins.
Preloading 0 native plugins for Editor in 0.00 ms.
Unloading 1464 Unused Serialized files (Serialized files now loaded: 0)
System memory in use before: 78.2 MB.
System memory in use after: 78.3 MB.

Unloading 5 unused Assets to reduce memory usage. Loaded Objects now: 1990.
Total: 2.617700 ms (FindLiveObjects: 0.285100 ms CreateObjectMapping: 0.078700 ms MarkObjects: 2.174600 ms  DeleteObjects: 0.078200 ms)

========================================================================
Received Prepare
Registering precompiled user dll's ...
Registered in 0.000578 seconds.
Begin MonoManager ReloadAssembly
Native extension for WindowsStandalone target not found
Native extension for WebGL target not found
Refreshing native plugins compatible for Editor in 0.33 ms, found 0 plugins.
Preloading 0 native plugins for Editor in 0.00 ms.
Warning: Annotation not found!
UnityEngine.StackTraceUtility:ExtractStackTrace ()
UnityEditor.ProBuilder.EditorUtility:SetGizmoIconEnabled (System.Type,bool) (at Library/PackageCache/com.unity.probuilder@4.4.0/Editor/EditorCore/EditorUtility.cs:593)
UnityEditor.ProBuilder.HierarchyListener:.cctor () (at Library/PackageCache/com.unity.probuilder@4.4.0/Editor/EditorCore/HierarchyListener.cs:21)
System.Runtime.CompilerServices.RuntimeHelpers:RunClassConstructor (System.RuntimeTypeHandle)
UnityEditor.EditorAssemblies:ProcessInitializeOnLoadAttributes (System.Type[])

[Library/PackageCache/com.unity.probuilder@4.4.0/Editor/EditorCore/EditorUtility.cs line 593]

Invoked RoslynAnalysisRunner static constructor.
RoslynAnalysisRunner will not be running.
RoslynAnalysisRunner has terminated.
Mono: successfully reloaded assembly
- Completed reload, in  0.576 seconds
Platform modules already initialized, skipping
Refreshing native plugins compatible for Editor in 0.69 ms, found 0 plugins.
Preloading 0 native plugins for Editor in 0.00 ms.
Unloading 1464 Unused Serialized files (Serialized files now loaded: 0)
System memory in use before: 77.8 MB.
System memory in use after: 77.9 MB.

Unloading 5 unused Assets to reduce memory usage. Loaded Objects now: 1992.
Total: 1.985200 ms (FindLiveObjects: 0.268700 ms CreateObjectMapping: 0.039500 ms MarkObjects: 1.598300 ms  DeleteObjects: 0.076700 ms)

========================================================================
Received Prepare
Registering precompiled user dll's ...
Registered in 0.001298 seconds.
Begin MonoManager ReloadAssembly
Native extension for WindowsStandalone target not found
Native extension for WebGL target not found
Refreshing native plugins compatible for Editor in 0.33 ms, found 0 plugins.
Preloading 0 native plugins for Editor in 0.00 ms.
Warning: Annotation not found!
UnityEngine.StackTraceUtility:ExtractStackTrace ()
UnityEditor.ProBuilder.EditorUtility:SetGizmoIconEnabled (System.Type,bool) (at Library/PackageCache/com.unity.probuilder@4.4.0/Editor/EditorCore/EditorUtility.cs:593)
UnityEditor.ProBuilder.HierarchyListener:.cctor () (at Library/PackageCache/com.unity.probuilder@4.4.0/Editor/EditorCore/HierarchyListener.cs:21)
System.Runtime.CompilerServices.RuntimeHelpers:RunClassConstructor (System.RuntimeTypeHandle)
UnityEditor.EditorAssemblies:ProcessInitializeOnLoadAttributes (System.Type[])

[Library/PackageCache/com.unity.probuilder@4.4.0/Editor/EditorCore/EditorUtility.cs line 593]

Invoked RoslynAnalysisRunner static constructor.
RoslynAnalysisRunner will not be running.
RoslynAnalysisRunner has terminated.
Mono: successfully reloaded assembly
- Completed reload, in  0.610 seconds
Platform modules already initialized, skipping
Refreshing native plugins compatible for Editor in 0.34 ms, found 0 plugins.
Preloading 0 native plugins for Editor in 0.00 ms.
Unloading 1464 Unused Serialized files (Serialized files now loaded: 0)
System memory in use before: 78.2 MB.
System memory in use after: 78.3 MB.

Unloading 5 unused Assets to reduce memory usage. Loaded Objects now: 1994.
Total: 2.726100 ms (FindLiveObjects: 0.197700 ms CreateObjectMapping: 0.067300 ms MarkObjects: 2.360800 ms  DeleteObjects: 0.099300 ms)

AssetImportWorkerClient::OnTransportError - code=2 error=End of file
