Using pre-set license
Built from '2020.2/release' branch; Version is '2020.2.2f1 (068178b99f32) revision 426360'; Using compiler version '192528614'; Build Type 'Release'
OS: 'Windows 10 Home; OS build 22000.318; Version 2009; 64bit' Language: 'en' Physical Memory: 16122 MB
BatchMode: 1, IsHumanControllingUs: 0, StartBugReporterOnCrash: 0, Is64bit: 1, IsPro: 0

 COMMAND LINE ARGUMENTS:
C:\Program Files\Unity\Hub\Editor\2020.2.2f1\Editor\Unity.exe
-adb2
-batchMode
-noUpm
-name
AssetImportWorker0
-projectPath
C:/Users/piehu/Documents/GitHub/GameJam3ItsBelow
-logFile
Logs/AssetImportWorker0.log
-srvPort
61145
Successfully changed project path to: C:/Users/piehu/Documents/GitHub/GameJam3ItsBelow
C:/Users/piehu/Documents/GitHub/GameJam3ItsBelow
Using Asset Import Pipeline V2.
Refreshing native plugins compatible for Editor in 59.23 ms, found 0 plugins.
Preloading 0 native plugins for Editor in 0.00 ms.
Initialize engine version: 2020.2.2f1 (068178b99f32)
[Subsystems] Discovering subsystems at path C:/Program Files/Unity/Hub/Editor/2020.2.2f1/Editor/Data/Resources/UnitySubsystems
[Subsystems] Discovering subsystems at path C:/Users/piehu/Documents/GitHub/GameJam3ItsBelow/Assets
GfxDevice: creating device client; threaded=0
Direct3D:
    Version:  Direct3D 11.0 [level 11.1]
    Renderer: NVIDIA GeForce GTX 1650 Ti with Max-Q Design (ID=0x1f95)
    Vendor:   
    VRAM:     3962 MB
    Driver:   30.0.14.9676
Initialize mono
Mono path[0] = 'C:/Program Files/Unity/Hub/Editor/2020.2.2f1/Editor/Data/Managed'
Mono path[1] = 'C:/Program Files/Unity/Hub/Editor/2020.2.2f1/Editor/Data/MonoBleedingEdge/lib/mono/unityjit'
Mono config path = 'C:/Program Files/Unity/Hub/Editor/2020.2.2f1/Editor/Data/MonoBleedingEdge/etc'
Using monoOptions --debugger-agent=transport=dt_socket,embedding=1,server=y,suspend=n,address=127.0.0.1:56684
Begin MonoManager ReloadAssembly
Registering precompiled unity dll's ...
Register platform support module: C:/Program Files/Unity/Hub/Editor/2020.2.2f1/Editor/Data/PlaybackEngines/WindowsStandaloneSupport/UnityEditor.WindowsStandalone.Extensions.dll
Registered in 0.002809 seconds.
Native extension for WindowsStandalone target not found
Refreshing native plugins compatible for Editor in 55.93 ms, found 0 plugins.
Preloading 0 native plugins for Editor in 0.00 ms.
Invoked RoslynAnalysisRunner static constructor.
RoslynAnalysisRunner will not be running.
RoslynAnalysisRunner has terminated.
Mono: successfully reloaded assembly
- Completed reload, in  3.449 seconds
Platform modules already initialized, skipping
Registering precompiled user dll's ...
Registered in 0.001015 seconds.
Begin MonoManager ReloadAssembly
Native extension for WindowsStandalone target not found
Refreshing native plugins compatible for Editor in 0.32 ms, found 0 plugins.
Preloading 0 native plugins for Editor in 0.00 ms.
Invoked RoslynAnalysisRunner static constructor.
RoslynAnalysisRunner will not be running.
RoslynAnalysisRunner has terminated.
Mono: successfully reloaded assembly
- Completed reload, in  1.622 seconds
Platform modules already initialized, skipping
========================================================================
Worker process is ready to serve import requests
Launched and connected shader compiler UnityShaderCompiler.exe after 0.06 seconds
Refreshing native plugins compatible for Editor in 0.59 ms, found 0 plugins.
Preloading 0 native plugins for Editor in 0.00 ms.
Unloading 1493 Unused Serialized files (Serialized files now loaded: 0)
System memory in use before: 74.0 MB.
System memory in use after: 74.0 MB.

Unloading 75 unused Assets to reduce memory usage. Loaded Objects now: 1927.
Total: 4.264400 ms (FindLiveObjects: 0.351200 ms CreateObjectMapping: 0.199100 ms MarkObjects: 3.407000 ms  DeleteObjects: 0.303900 ms)

========================================================================
Received Import Request.
  path: Assets/GameJam3ItsBelow/Materials/WallMat.mat
  artifactKey: Guid(367e13e75cd1f8f4ea3228c54a40a21a) Importer(815301076,1909f56bfc062723c751e8b465ee728b)
Start importing Assets/GameJam3ItsBelow/Materials/WallMat.mat using Guid(367e13e75cd1f8f4ea3228c54a40a21a) Importer(815301076,1909f56bfc062723c751e8b465ee728b)  -> (artifact id: '59d60425d3850bef7c6fe6a838c51e2e') in 0.199603 seconds
  Import took 0.204881 seconds .

========================================================================
Received Import Request.
  Time since last request: 0.000292 seconds.
  path: Assets/GameJam3ItsBelow/Materials/BallMat.mat
  artifactKey: Guid(a6d3c5a3a99baa8498fd3107d3ac29c3) Importer(815301076,1909f56bfc062723c751e8b465ee728b)
Start importing Assets/GameJam3ItsBelow/Materials/BallMat.mat using Guid(a6d3c5a3a99baa8498fd3107d3ac29c3) Importer(815301076,1909f56bfc062723c751e8b465ee728b)  -> (artifact id: '7f5c78b1604d15ccbb891bb4e817e2bc') in 0.024821 seconds
  Import took 0.029398 seconds .

========================================================================
Received Import Request.
  Time since last request: 0.000269 seconds.
  path: Assets/GameJam3ItsBelow/Materials/RodMat1.mat
  artifactKey: Guid(971f7c66d2381154cb3839c6a188bba8) Importer(815301076,1909f56bfc062723c751e8b465ee728b)
Start importing Assets/GameJam3ItsBelow/Materials/RodMat1.mat using Guid(971f7c66d2381154cb3839c6a188bba8) Importer(815301076,1909f56bfc062723c751e8b465ee728b)  -> (artifact id: 'a5935872b5789804b4531196d0f9790b') in 0.027919 seconds
  Import took 0.032477 seconds .

========================================================================
Received Import Request.
  Time since last request: 0.000324 seconds.
  path: Assets/GameJam3ItsBelow/Materials/StringMat.mat
  artifactKey: Guid(eae656b443c79b34d825491caeca6b72) Importer(815301076,1909f56bfc062723c751e8b465ee728b)
Start importing Assets/GameJam3ItsBelow/Materials/StringMat.mat using Guid(eae656b443c79b34d825491caeca6b72) Importer(815301076,1909f56bfc062723c751e8b465ee728b)  -> (artifact id: '0ee12bd84295db5d1bed73c15b436874') in 0.016035 seconds
  Import took 0.021521 seconds .

========================================================================
Received Prepare
Refreshing native plugins compatible for Editor in 1.02 ms, found 0 plugins.
Preloading 0 native plugins for Editor in 0.00 ms.
Unloading 4 Unused Serialized files (Serialized files now loaded: 0)
System memory in use before: 46.1 MB.
System memory in use after: 46.1 MB.

Unloading 4 unused Assets to reduce memory usage. Loaded Objects now: 1967.
Total: 2.657200 ms (FindLiveObjects: 0.251500 ms CreateObjectMapping: 0.086200 ms MarkObjects: 2.205200 ms  DeleteObjects: 0.112200 ms)

========================================================================
Received Import Request.
  Time since last request: 8.461264 seconds.
  path: Assets/GameJam3ItsBelow/Materials/MenuMat.mat
  artifactKey: Guid(7a75bc72d22174c418a5e98cdb32eabc) Importer(815301076,1909f56bfc062723c751e8b465ee728b)
Start importing Assets/GameJam3ItsBelow/Materials/MenuMat.mat using Guid(7a75bc72d22174c418a5e98cdb32eabc) Importer(815301076,1909f56bfc062723c751e8b465ee728b)  -> (artifact id: '8bb4b2954a4492ee3de5a6f2b0790efd') in 0.022129 seconds
  Import took 0.025751 seconds .

========================================================================
Received Import Request.
  Time since last request: 117.297282 seconds.
  path: Assets/GameJam3ItsBelow/Materials/negative-space-fishing-boat-sunset-man-fishing-canoe-red-orange-thumb-1.jpg
  artifactKey: Guid(bc61175c540c8b24aa88597bcabe28c3) Importer(815301076,1909f56bfc062723c751e8b465ee728b)
Start importing Assets/GameJam3ItsBelow/Materials/negative-space-fishing-boat-sunset-man-fishing-canoe-red-orange-thumb-1.jpg using Guid(bc61175c540c8b24aa88597bcabe28c3) Importer(815301076,1909f56bfc062723c751e8b465ee728b)  -> (artifact id: '7000639cececee74bda10cf95e8ea05f') in 0.035688 seconds
  Import took 0.040158 seconds .

========================================================================
Received Import Request.
  Time since last request: 7.227322 seconds.
  path: Assets/GameJam3ItsBelow/Materials/negative-space-fishing-boat-sunset-man-fishing-canoe-red-orange-thumb-1.jpg
  artifactKey: Guid(bc61175c540c8b24aa88597bcabe28c3) Importer(815301076,1909f56bfc062723c751e8b465ee728b)
Start importing Assets/GameJam3ItsBelow/Materials/negative-space-fishing-boat-sunset-man-fishing-canoe-red-orange-thumb-1.jpg using Guid(bc61175c540c8b24aa88597bcabe28c3) Importer(815301076,1909f56bfc062723c751e8b465ee728b)  -> (artifact id: 'de509a04d8c884805286e392d7400b5d') in 0.044792 seconds
  Import took 0.048341 seconds .

========================================================================
Received Import Request.
  Time since last request: 37.532674 seconds.
  path: Assets/GameJam3ItsBelow/Materials/MenuMat.mat
  artifactKey: Guid(7a75bc72d22174c418a5e98cdb32eabc) Importer(815301076,1909f56bfc062723c751e8b465ee728b)
Start importing Assets/GameJam3ItsBelow/Materials/MenuMat.mat using Guid(7a75bc72d22174c418a5e98cdb32eabc) Importer(815301076,1909f56bfc062723c751e8b465ee728b)  -> (artifact id: 'd0abfde061fd8d13103d37f48f9977dd') in 0.037162 seconds
  Import took 0.042764 seconds .

========================================================================
Received Import Request.
  Time since last request: 251.144810 seconds.
  path: Assets/GameJam3ItsBelow/Scripts/Shader Scripts/Materials/Flow.mat
  artifactKey: Guid(21ab3bfe171002743ae378d91830701e) Importer(815301076,1909f56bfc062723c751e8b465ee728b)
Start importing Assets/GameJam3ItsBelow/Scripts/Shader Scripts/Materials/Flow.mat using Guid(21ab3bfe171002743ae378d91830701e) Importer(815301076,1909f56bfc062723c751e8b465ee728b)  -> (artifact id: '4f7f83238cfbcfdd0881248a27043d48') in 0.025652 seconds
  Import took 0.029966 seconds .

========================================================================
Received Import Request.
  Time since last request: 131.240023 seconds.
  path: Assets/Gizmos/NavMeshSurface Icon.png
  artifactKey: Guid(e4f97225bcfb64760a1c81f460837f01) Importer(815301076,1909f56bfc062723c751e8b465ee728b)
Start importing Assets/Gizmos/NavMeshSurface Icon.png using Guid(e4f97225bcfb64760a1c81f460837f01) Importer(815301076,1909f56bfc062723c751e8b465ee728b)  -> (artifact id: '328028f1343054c6b8fe827a263d0246') in 0.024174 seconds
  Import took 0.029181 seconds .

========================================================================
Received Import Request.
  Time since last request: 0.012700 seconds.
  path: Assets/Gizmos/NavMeshSurface Icon.png
  artifactKey: Guid(e4f97225bcfb64760a1c81f460837f01) Importer(815301076,1909f56bfc062723c751e8b465ee728b)
Start importing Assets/Gizmos/NavMeshSurface Icon.png using Guid(e4f97225bcfb64760a1c81f460837f01) Importer(815301076,1909f56bfc062723c751e8b465ee728b)  -> (artifact id: '328028f1343054c6b8fe827a263d0246') in 0.009602 seconds
  Import took 0.014507 seconds .

========================================================================
Received Import Request.
  Time since last request: 1.503023 seconds.
  path: Assets/Gizmos/NavMeshModifierVolume Icon.png
  artifactKey: Guid(cc7b9475dbddf4f9088d327d6e10ab77) Importer(815301076,1909f56bfc062723c751e8b465ee728b)
Start importing Assets/Gizmos/NavMeshModifierVolume Icon.png using Guid(cc7b9475dbddf4f9088d327d6e10ab77) Importer(815301076,1909f56bfc062723c751e8b465ee728b)  -> (artifact id: 'c7e53700bfd0374eaf1a421857f71eeb') in 0.017077 seconds
  Import took 0.020255 seconds .

========================================================================
Received Import Request.
  Time since last request: 0.000239 seconds.
  path: Assets/Gizmos/NavMeshLink Icon.png
  artifactKey: Guid(92f4afa3e25264f5b964937ccea49ff2) Importer(815301076,1909f56bfc062723c751e8b465ee728b)
Start importing Assets/Gizmos/NavMeshLink Icon.png using Guid(92f4afa3e25264f5b964937ccea49ff2) Importer(815301076,1909f56bfc062723c751e8b465ee728b)  -> (artifact id: '8be91bb88a221d27394230d0196188ba') in 0.016063 seconds
  Import took 0.019757 seconds .

========================================================================
Received Import Request.
  Time since last request: 0.112754 seconds.
  path: Assets/GameJam3ItsBelow/Scripts/Shader Scripts/Caustics/frames/caust_013.png
  artifactKey: Guid(575b4cc6658cbbf4cbc82424d7af89a6) Importer(815301076,1909f56bfc062723c751e8b465ee728b)
Start importing Assets/GameJam3ItsBelow/Scripts/Shader Scripts/Caustics/frames/caust_013.png using Guid(575b4cc6658cbbf4cbc82424d7af89a6) Importer(815301076,1909f56bfc062723c751e8b465ee728b)  -> (artifact id: '47e24109ac74664140b745fd74789371') in 0.027882 seconds
  Import took 0.031580 seconds .

========================================================================
Received Import Request.
  Time since last request: 0.000234 seconds.
  path: Assets/GameJam3ItsBelow/Scripts/Shader Scripts/Caustics/frames/caust_014.png
  artifactKey: Guid(243962c7c8c069a4f97c9712733ab9d5) Importer(815301076,1909f56bfc062723c751e8b465ee728b)
Start importing Assets/GameJam3ItsBelow/Scripts/Shader Scripts/Caustics/frames/caust_014.png using Guid(243962c7c8c069a4f97c9712733ab9d5) Importer(815301076,1909f56bfc062723c751e8b465ee728b)  -> (artifact id: '83fe46fc376ccd88a22bd109689adfe7') in 0.026124 seconds
  Import took 0.030098 seconds .

========================================================================
Received Import Request.
  Time since last request: 0.000445 seconds.
  path: Assets/GameJam3ItsBelow/Scripts/Shader Scripts/Caustics/frames/caust_001.png
  artifactKey: Guid(2f1d4225c0a1de040bb638d37c5a52dc) Importer(815301076,1909f56bfc062723c751e8b465ee728b)
Start importing Assets/GameJam3ItsBelow/Scripts/Shader Scripts/Caustics/frames/caust_001.png using Guid(2f1d4225c0a1de040bb638d37c5a52dc) Importer(815301076,1909f56bfc062723c751e8b465ee728b)  -> (artifact id: 'e3ee4b6ae3cf18da98efc85acb287962') in 0.018529 seconds
  Import took 0.022393 seconds .

========================================================================
Received Import Request.
  Time since last request: 0.000252 seconds.
  path: Assets/GameJam3ItsBelow/Scripts/Shader Scripts/Caustics/frames/caust_016.png
  artifactKey: Guid(df00da19baf788f4ea3b08d914ef4829) Importer(815301076,1909f56bfc062723c751e8b465ee728b)
Start importing Assets/GameJam3ItsBelow/Scripts/Shader Scripts/Caustics/frames/caust_016.png using Guid(df00da19baf788f4ea3b08d914ef4829) Importer(815301076,1909f56bfc062723c751e8b465ee728b)  -> (artifact id: '49cbebfd504900ac5579ac5882cf0648') in 0.029334 seconds
  Import took 0.033559 seconds .

========================================================================
Received Import Request.
  Time since last request: 0.000300 seconds.
  path: Assets/GameJam3ItsBelow/Scripts/Shader Scripts/Caustics/frames/caust_003.png
  artifactKey: Guid(65ff43555c71fcb40af2377b74afea4f) Importer(815301076,1909f56bfc062723c751e8b465ee728b)
Start importing Assets/GameJam3ItsBelow/Scripts/Shader Scripts/Caustics/frames/caust_003.png using Guid(65ff43555c71fcb40af2377b74afea4f) Importer(815301076,1909f56bfc062723c751e8b465ee728b)  -> (artifact id: '02f7e4a6b615232a2e1b81bc163a0041') in 0.027277 seconds
  Import took 0.030919 seconds .

========================================================================
Received Import Request.
  Time since last request: 0.000233 seconds.
  path: Assets/GameJam3ItsBelow/Scripts/Shader Scripts/Caustics/frames/caust_002.png
  artifactKey: Guid(ce090be38be42984790e133763919ff5) Importer(815301076,1909f56bfc062723c751e8b465ee728b)
Start importing Assets/GameJam3ItsBelow/Scripts/Shader Scripts/Caustics/frames/caust_002.png using Guid(ce090be38be42984790e133763919ff5) Importer(815301076,1909f56bfc062723c751e8b465ee728b)  -> (artifact id: 'bf6ae96c7fce7bfffc7aaf1e660ab084') in 0.038617 seconds
  Import took 0.043347 seconds .

========================================================================
Received Import Request.
  Time since last request: 0.000276 seconds.
  path: Assets/GameJam3ItsBelow/Scripts/Shader Scripts/Caustics/frames/caust_015.png
  artifactKey: Guid(edc3c6cd1d31de0448ba62adb6daccd9) Importer(815301076,1909f56bfc062723c751e8b465ee728b)
Start importing Assets/GameJam3ItsBelow/Scripts/Shader Scripts/Caustics/frames/caust_015.png using Guid(edc3c6cd1d31de0448ba62adb6daccd9) Importer(815301076,1909f56bfc062723c751e8b465ee728b)  -> (artifact id: 'c4acd8f79a9e6ec33d479f30cb424e30') in 0.030722 seconds
  Import took 0.035526 seconds .

========================================================================
Received Import Request.
  Time since last request: 0.000286 seconds.
  path: Assets/GameJam3ItsBelow/Scripts/Shader Scripts/Caustics/frames/caust_005.png
  artifactKey: Guid(178e55ab90c41a5429d7164855ac3f5a) Importer(815301076,1909f56bfc062723c751e8b465ee728b)
Start importing Assets/GameJam3ItsBelow/Scripts/Shader Scripts/Caustics/frames/caust_005.png using Guid(178e55ab90c41a5429d7164855ac3f5a) Importer(815301076,1909f56bfc062723c751e8b465ee728b)  -> (artifact id: '4955f6c6f6cb787a458459033fb1b1a9') in 0.032119 seconds
  Import took 0.036816 seconds .

========================================================================
Received Import Request.
  Time since last request: 0.000276 seconds.
  path: Assets/GameJam3ItsBelow/Scripts/Shader Scripts/Caustics/frames/caust_004.png
  artifactKey: Guid(be6b5de81734b2a4f9c96fd2318d9725) Importer(815301076,1909f56bfc062723c751e8b465ee728b)
Start importing Assets/GameJam3ItsBelow/Scripts/Shader Scripts/Caustics/frames/caust_004.png using Guid(be6b5de81734b2a4f9c96fd2318d9725) Importer(815301076,1909f56bfc062723c751e8b465ee728b)  -> (artifact id: '3304755832c19850a4432b05413f4e6c') in 0.033037 seconds
  Import took 0.037816 seconds .

========================================================================
Received Import Request.
  Time since last request: 106.952982 seconds.
  path: Assets/GameJam3ItsBelow/Materials/ButtonMat.mat
  artifactKey: Guid(bd162b03e275077478cac2c7eb4bcc20) Importer(815301076,1909f56bfc062723c751e8b465ee728b)
Start importing Assets/GameJam3ItsBelow/Materials/ButtonMat.mat using Guid(bd162b03e275077478cac2c7eb4bcc20) Importer(815301076,1909f56bfc062723c751e8b465ee728b)  -> (artifact id: 'b744c41899022f5fe1f2f5fb22c51833') in 0.021535 seconds
  Import took 0.025501 seconds .

========================================================================
Received Import Request.
  Time since last request: 75.214499 seconds.
  path: Assets/GameJam3ItsBelow/Materials/ButtonMat.mat
  artifactKey: Guid(bd162b03e275077478cac2c7eb4bcc20) Importer(815301076,1909f56bfc062723c751e8b465ee728b)
Start importing Assets/GameJam3ItsBelow/Materials/ButtonMat.mat using Guid(bd162b03e275077478cac2c7eb4bcc20) Importer(815301076,1909f56bfc062723c751e8b465ee728b)  -> (artifact id: '24a38ea5766d725119f154b38ec4c35f') in 0.017679 seconds
  Import took 0.021863 seconds .

========================================================================
Received Import Request.
  Time since last request: 29.873526 seconds.
  path: Assets/GameJam3ItsBelow/Scenes/EndGame.unity
  artifactKey: Guid(1d91a6c0942e6ab4d966e5ab5334cfdc) Importer(815301076,1909f56bfc062723c751e8b465ee728b)
Start importing Assets/GameJam3ItsBelow/Scenes/EndGame.unity using Guid(1d91a6c0942e6ab4d966e5ab5334cfdc) Importer(815301076,1909f56bfc062723c751e8b465ee728b)  -> (artifact id: '1e250da6178e5749b294d21c265e32fd') in 0.016673 seconds
  Import took 0.020890 seconds .

========================================================================
Received Import Request.
  Time since last request: 287.054044 seconds.
  path: Assets/GameJam3ItsBelow/Materials/Sunrise_with_Boat_and_Fisherman_Background-1119.jpg
  artifactKey: Guid(77afba67dc26d9e47aa503064264f946) Importer(815301076,1909f56bfc062723c751e8b465ee728b)
Start importing Assets/GameJam3ItsBelow/Materials/Sunrise_with_Boat_and_Fisherman_Background-1119.jpg using Guid(77afba67dc26d9e47aa503064264f946) Importer(815301076,1909f56bfc062723c751e8b465ee728b)  -> (artifact id: 'e430df913b20f823274cf41a225f063e') in 0.022091 seconds
  Import took 0.026560 seconds .

========================================================================
Received Import Request.
  Time since last request: 10.506404 seconds.
  path: Assets/GameJam3ItsBelow/Materials/Sunrise_with_Boat_and_Fisherman_Background-1119.jpg
  artifactKey: Guid(77afba67dc26d9e47aa503064264f946) Importer(815301076,1909f56bfc062723c751e8b465ee728b)
Start importing Assets/GameJam3ItsBelow/Materials/Sunrise_with_Boat_and_Fisherman_Background-1119.jpg using Guid(77afba67dc26d9e47aa503064264f946) Importer(815301076,1909f56bfc062723c751e8b465ee728b)  -> (artifact id: '30efe19677bed789f3bf08478a4fbfe8') in 0.057789 seconds
  Import took 0.062966 seconds .

========================================================================
Received Prepare
Registering precompiled user dll's ...
Registered in 0.001084 seconds.
Begin MonoManager ReloadAssembly
Native extension for WindowsStandalone target not found
Refreshing native plugins compatible for Editor in 0.33 ms, found 0 plugins.
Preloading 0 native plugins for Editor in 0.00 ms.
Warning: Annotation not found!
UnityEngine.StackTraceUtility:ExtractStackTrace ()
UnityEditor.ProBuilder.EditorUtility:SetGizmoIconEnabled (System.Type,bool) (at Library/PackageCache/com.unity.probuilder@4.4.0/Editor/EditorCore/EditorUtility.cs:593)
UnityEditor.ProBuilder.HierarchyListener:.cctor () (at Library/PackageCache/com.unity.probuilder@4.4.0/Editor/EditorCore/HierarchyListener.cs:21)
System.Runtime.CompilerServices.RuntimeHelpers:RunClassConstructor (System.RuntimeTypeHandle)
UnityEditor.EditorAssemblies:ProcessInitializeOnLoadAttributes (System.Type[])

[Library/PackageCache/com.unity.probuilder@4.4.0/Editor/EditorCore/EditorUtility.cs line 593]

Invoked RoslynAnalysisRunner static constructor.
RoslynAnalysisRunner will not be running.
RoslynAnalysisRunner has terminated.
Mono: successfully reloaded assembly
- Completed reload, in  1.238 seconds
Platform modules already initialized, skipping
Refreshing native plugins compatible for Editor in 0.45 ms, found 0 plugins.
Preloading 0 native plugins for Editor in 0.00 ms.
Unloading 1455 Unused Serialized files (Serialized files now loaded: 0)
System memory in use before: 75.5 MB.
System memory in use after: 75.5 MB.

Unloading 6 unused Assets to reduce memory usage. Loaded Objects now: 1977.
Total: 2.846900 ms (FindLiveObjects: 0.230300 ms CreateObjectMapping: 0.068500 ms MarkObjects: 2.413200 ms  DeleteObjects: 0.132500 ms)

========================================================================
Received Import Request.
  Time since last request: 357.885143 seconds.
  path: Assets/GameJam3ItsBelow/Scenes/MainMenu.unity
  artifactKey: Guid(931ba0f774f0c8a4e8dfeb2cbf1e0bb4) Importer(815301076,1909f56bfc062723c751e8b465ee728b)
Start importing Assets/GameJam3ItsBelow/Scenes/MainMenu.unity using Guid(931ba0f774f0c8a4e8dfeb2cbf1e0bb4) Importer(815301076,1909f56bfc062723c751e8b465ee728b)  -> (artifact id: 'ff0e456fb87fb3eb119b51addd4250c2') in 0.011439 seconds
  Import took 0.015777 seconds .

========================================================================
Received Import Request.
  Time since last request: 0.011702 seconds.
  path: Assets/GameJam3ItsBelow/Scenes/MainMenu.unity
  artifactKey: Guid(931ba0f774f0c8a4e8dfeb2cbf1e0bb4) Importer(815301076,1909f56bfc062723c751e8b465ee728b)
Start importing Assets/GameJam3ItsBelow/Scenes/MainMenu.unity using Guid(931ba0f774f0c8a4e8dfeb2cbf1e0bb4) Importer(815301076,1909f56bfc062723c751e8b465ee728b)  -> (artifact id: 'ff0e456fb87fb3eb119b51addd4250c2') in 0.004782 seconds
  Import took 0.008190 seconds .

========================================================================
Received Import Request.
  Time since last request: 1.106970 seconds.
  path: Assets/GameJam3ItsBelow/Scenes/SampleScene.unity
  artifactKey: Guid(9fc0d4010bbf28b4594072e72b8655ab) Importer(815301076,1909f56bfc062723c751e8b465ee728b)
Start importing Assets/GameJam3ItsBelow/Scenes/SampleScene.unity using Guid(9fc0d4010bbf28b4594072e72b8655ab) Importer(815301076,1909f56bfc062723c751e8b465ee728b)  -> (artifact id: 'fa13909d25feace2bf94823dc10b604d') in 0.012565 seconds
  Import took 0.016203 seconds .

========================================================================
Received Prepare
Registering precompiled user dll's ...
Registered in 0.000916 seconds.
Begin MonoManager ReloadAssembly
Native extension for WindowsStandalone target not found
Refreshing native plugins compatible for Editor in 0.40 ms, found 0 plugins.
Preloading 0 native plugins for Editor in 0.00 ms.
Warning: Annotation not found!
UnityEngine.StackTraceUtility:ExtractStackTrace ()
UnityEditor.ProBuilder.EditorUtility:SetGizmoIconEnabled (System.Type,bool) (at Library/PackageCache/com.unity.probuilder@4.4.0/Editor/EditorCore/EditorUtility.cs:593)
UnityEditor.ProBuilder.HierarchyListener:.cctor () (at Library/PackageCache/com.unity.probuilder@4.4.0/Editor/EditorCore/HierarchyListener.cs:21)
System.Runtime.CompilerServices.RuntimeHelpers:RunClassConstructor (System.RuntimeTypeHandle)
UnityEditor.EditorAssemblies:ProcessInitializeOnLoadAttributes (System.Type[])

[Library/PackageCache/com.unity.probuilder@4.4.0/Editor/EditorCore/EditorUtility.cs line 593]

Invoked RoslynAnalysisRunner static constructor.
RoslynAnalysisRunner will not be running.
RoslynAnalysisRunner has terminated.
Mono: successfully reloaded assembly
- Completed reload, in  1.776 seconds
Platform modules already initialized, skipping
Refreshing native plugins compatible for Editor in 0.71 ms, found 0 plugins.
Preloading 0 native plugins for Editor in 0.00 ms.
Unloading 1455 Unused Serialized files (Serialized files now loaded: 0)
System memory in use before: 76.5 MB.
System memory in use after: 76.6 MB.

Unloading 6 unused Assets to reduce memory usage. Loaded Objects now: 1979.
Total: 3.424200 ms (FindLiveObjects: 0.320600 ms CreateObjectMapping: 0.121500 ms MarkObjects: 2.795600 ms  DeleteObjects: 0.184000 ms)

========================================================================
Received Prepare
Registering precompiled user dll's ...
Registered in 0.000950 seconds.
Begin MonoManager ReloadAssembly
Native extension for WindowsStandalone target not found
Refreshing native plugins compatible for Editor in 0.48 ms, found 0 plugins.
Preloading 0 native plugins for Editor in 0.00 ms.
Warning: Annotation not found!
UnityEngine.StackTraceUtility:ExtractStackTrace ()
UnityEditor.ProBuilder.EditorUtility:SetGizmoIconEnabled (System.Type,bool) (at Library/PackageCache/com.unity.probuilder@4.4.0/Editor/EditorCore/EditorUtility.cs:593)
UnityEditor.ProBuilder.HierarchyListener:.cctor () (at Library/PackageCache/com.unity.probuilder@4.4.0/Editor/EditorCore/HierarchyListener.cs:21)
System.Runtime.CompilerServices.RuntimeHelpers:RunClassConstructor (System.RuntimeTypeHandle)
UnityEditor.EditorAssemblies:ProcessInitializeOnLoadAttributes (System.Type[])

[Library/PackageCache/com.unity.probuilder@4.4.0/Editor/EditorCore/EditorUtility.cs line 593]

Invoked RoslynAnalysisRunner static constructor.
RoslynAnalysisRunner will not be running.
RoslynAnalysisRunner has terminated.
Mono: successfully reloaded assembly
- Completed reload, in  1.808 seconds
Platform modules already initialized, skipping
Refreshing native plugins compatible for Editor in 0.37 ms, found 0 plugins.
Preloading 0 native plugins for Editor in 0.00 ms.
Unloading 1455 Unused Serialized files (Serialized files now loaded: 0)
System memory in use before: 76.0 MB.
System memory in use after: 76.1 MB.

Unloading 6 unused Assets to reduce memory usage. Loaded Objects now: 1981.
Total: 4.354600 ms (FindLiveObjects: 0.212900 ms CreateObjectMapping: 0.068500 ms MarkObjects: 3.751900 ms  DeleteObjects: 0.317800 ms)

========================================================================
Received Import Request.
  Time since last request: 284.660022 seconds.
  path: Assets/GameJam3ItsBelow/Prefabs/Fish.prefab
  artifactKey: Guid(8a28ba445420788499b5797ef13c722b) Importer(815301076,1909f56bfc062723c751e8b465ee728b)
Start importing Assets/GameJam3ItsBelow/Prefabs/Fish.prefab using Guid(8a28ba445420788499b5797ef13c722b) Importer(815301076,1909f56bfc062723c751e8b465ee728b)  -> (artifact id: '430d03347dc64d2878a8e07b497f9ffb') in 0.128488 seconds
  Import took 0.134384 seconds .

========================================================================
Received Import Request.
  Time since last request: 2.115628 seconds.
  path: Assets/GameJam3ItsBelow/Prefabs/Fish.prefab
  artifactKey: Guid(8a28ba445420788499b5797ef13c722b) Importer(815301076,1909f56bfc062723c751e8b465ee728b)
Start importing Assets/GameJam3ItsBelow/Prefabs/Fish.prefab using Guid(8a28ba445420788499b5797ef13c722b) Importer(815301076,1909f56bfc062723c751e8b465ee728b)  -> (artifact id: 'f292aa05f6e062aa99f4ad40e105604c') in 0.018845 seconds
  Import took 0.024259 seconds .

========================================================================
Received Prepare
Registering precompiled user dll's ...
Registered in 0.000864 seconds.
Begin MonoManager ReloadAssembly
Native extension for WindowsStandalone target not found
Refreshing native plugins compatible for Editor in 0.35 ms, found 0 plugins.
Preloading 0 native plugins for Editor in 0.00 ms.
Warning: Annotation not found!
UnityEngine.StackTraceUtility:ExtractStackTrace ()
UnityEditor.ProBuilder.EditorUtility:SetGizmoIconEnabled (System.Type,bool) (at Library/PackageCache/com.unity.probuilder@4.4.0/Editor/EditorCore/EditorUtility.cs:593)
UnityEditor.ProBuilder.HierarchyListener:.cctor () (at Library/PackageCache/com.unity.probuilder@4.4.0/Editor/EditorCore/HierarchyListener.cs:21)
System.Runtime.CompilerServices.RuntimeHelpers:RunClassConstructor (System.RuntimeTypeHandle)
UnityEditor.EditorAssemblies:ProcessInitializeOnLoadAttributes (System.Type[])

[Library/PackageCache/com.unity.probuilder@4.4.0/Editor/EditorCore/EditorUtility.cs line 593]

Invoked RoslynAnalysisRunner static constructor.
RoslynAnalysisRunner will not be running.
RoslynAnalysisRunner has terminated.
Mono: successfully reloaded assembly
- Completed reload, in  1.781 seconds
Platform modules already initialized, skipping
Refreshing native plugins compatible for Editor in 0.38 ms, found 0 plugins.
Preloading 0 native plugins for Editor in 0.00 ms.
Unloading 1455 Unused Serialized files (Serialized files now loaded: 0)
System memory in use before: 76.6 MB.
System memory in use after: 76.7 MB.

Unloading 7 unused Assets to reduce memory usage. Loaded Objects now: 1985.
Total: 3.019100 ms (FindLiveObjects: 0.283400 ms CreateObjectMapping: 0.077600 ms MarkObjects: 2.513500 ms  DeleteObjects: 0.141900 ms)

========================================================================
Received Import Request.
  Time since last request: 49.184230 seconds.
  path: Assets/GameJam3ItsBelow/Prefabs/Fish.prefab
  artifactKey: Guid(8a28ba445420788499b5797ef13c722b) Importer(815301076,1909f56bfc062723c751e8b465ee728b)
Start importing Assets/GameJam3ItsBelow/Prefabs/Fish.prefab using Guid(8a28ba445420788499b5797ef13c722b) Importer(815301076,1909f56bfc062723c751e8b465ee728b)  -> (artifact id: 'fa8966204d909ffda8577ce1b440f3b4') in 0.083981 seconds
  Import took 0.088005 seconds .

========================================================================
Received Prepare
Registering precompiled user dll's ...
Registered in 0.001506 seconds.
Begin MonoManager ReloadAssembly
Native extension for WindowsStandalone target not found
Refreshing native plugins compatible for Editor in 0.40 ms, found 0 plugins.
Preloading 0 native plugins for Editor in 0.00 ms.
Warning: Annotation not found!
UnityEngine.StackTraceUtility:ExtractStackTrace ()
UnityEditor.ProBuilder.EditorUtility:SetGizmoIconEnabled (System.Type,bool) (at Library/PackageCache/com.unity.probuilder@4.4.0/Editor/EditorCore/EditorUtility.cs:593)
UnityEditor.ProBuilder.HierarchyListener:.cctor () (at Library/PackageCache/com.unity.probuilder@4.4.0/Editor/EditorCore/HierarchyListener.cs:21)
System.Runtime.CompilerServices.RuntimeHelpers:RunClassConstructor (System.RuntimeTypeHandle)
UnityEditor.EditorAssemblies:ProcessInitializeOnLoadAttributes (System.Type[])

[Library/PackageCache/com.unity.probuilder@4.4.0/Editor/EditorCore/EditorUtility.cs line 593]

Invoked RoslynAnalysisRunner static constructor.
RoslynAnalysisRunner will not be running.
RoslynAnalysisRunner has terminated.
Mono: successfully reloaded assembly
- Completed reload, in  2.146 seconds
Platform modules already initialized, skipping
Refreshing native plugins compatible for Editor in 0.56 ms, found 0 plugins.
Preloading 0 native plugins for Editor in 0.00 ms.
Unloading 1455 Unused Serialized files (Serialized files now loaded: 0)
System memory in use before: 76.1 MB.
System memory in use after: 76.2 MB.

Unloading 7 unused Assets to reduce memory usage. Loaded Objects now: 1988.
Total: 5.438900 ms (FindLiveObjects: 0.396400 ms CreateObjectMapping: 0.166200 ms MarkObjects: 4.705400 ms  DeleteObjects: 0.166800 ms)

========================================================================
Received Prepare
Registering precompiled user dll's ...
Registered in 0.002114 seconds.
Begin MonoManager ReloadAssembly
Native extension for WindowsStandalone target not found
Refreshing native plugins compatible for Editor in 0.63 ms, found 0 plugins.
Preloading 0 native plugins for Editor in 0.00 ms.
Warning: Annotation not found!
UnityEngine.StackTraceUtility:ExtractStackTrace ()
UnityEditor.ProBuilder.EditorUtility:SetGizmoIconEnabled (System.Type,bool) (at Library/PackageCache/com.unity.probuilder@4.4.0/Editor/EditorCore/EditorUtility.cs:593)
UnityEditor.ProBuilder.HierarchyListener:.cctor () (at Library/PackageCache/com.unity.probuilder@4.4.0/Editor/EditorCore/HierarchyListener.cs:21)
System.Runtime.CompilerServices.RuntimeHelpers:RunClassConstructor (System.RuntimeTypeHandle)
UnityEditor.EditorAssemblies:ProcessInitializeOnLoadAttributes (System.Type[])

[Library/PackageCache/com.unity.probuilder@4.4.0/Editor/EditorCore/EditorUtility.cs line 593]

Invoked RoslynAnalysisRunner static constructor.
RoslynAnalysisRunner will not be running.
RoslynAnalysisRunner has terminated.
Mono: successfully reloaded assembly
- Completed reload, in  2.502 seconds
Platform modules already initialized, skipping
Refreshing native plugins compatible for Editor in 0.46 ms, found 0 plugins.
Preloading 0 native plugins for Editor in 0.00 ms.
Unloading 1455 Unused Serialized files (Serialized files now loaded: 0)
System memory in use before: 76.6 MB.
System memory in use after: 76.7 MB.

Unloading 6 unused Assets to reduce memory usage. Loaded Objects now: 1990.
Total: 4.877400 ms (FindLiveObjects: 0.364300 ms CreateObjectMapping: 0.135300 ms MarkObjects: 4.207300 ms  DeleteObjects: 0.167700 ms)

========================================================================
Received Prepare
Registering precompiled user dll's ...
Registered in 0.003627 seconds.
Begin MonoManager ReloadAssembly
Native extension for WindowsStandalone target not found
Refreshing native plugins compatible for Editor in 0.35 ms, found 0 plugins.
Preloading 0 native plugins for Editor in 0.00 ms.
Warning: Annotation not found!
UnityEngine.StackTraceUtility:ExtractStackTrace ()
UnityEditor.ProBuilder.EditorUtility:SetGizmoIconEnabled (System.Type,bool) (at Library/PackageCache/com.unity.probuilder@4.4.0/Editor/EditorCore/EditorUtility.cs:593)
UnityEditor.ProBuilder.HierarchyListener:.cctor () (at Library/PackageCache/com.unity.probuilder@4.4.0/Editor/EditorCore/HierarchyListener.cs:21)
System.Runtime.CompilerServices.RuntimeHelpers:RunClassConstructor (System.RuntimeTypeHandle)
UnityEditor.EditorAssemblies:ProcessInitializeOnLoadAttributes (System.Type[])

[Library/PackageCache/com.unity.probuilder@4.4.0/Editor/EditorCore/EditorUtility.cs line 593]

Invoked RoslynAnalysisRunner static constructor.
RoslynAnalysisRunner will not be running.
RoslynAnalysisRunner has terminated.
Mono: successfully reloaded assembly
- Completed reload, in  1.498 seconds
Platform modules already initialized, skipping
Refreshing native plugins compatible for Editor in 0.42 ms, found 0 plugins.
Preloading 0 native plugins for Editor in 0.00 ms.
Unloading 1455 Unused Serialized files (Serialized files now loaded: 0)
System memory in use before: 76.2 MB.
System memory in use after: 76.2 MB.

Unloading 6 unused Assets to reduce memory usage. Loaded Objects now: 1992.
Total: 3.632800 ms (FindLiveObjects: 0.275600 ms CreateObjectMapping: 0.082700 ms MarkObjects: 3.105100 ms  DeleteObjects: 0.166300 ms)

========================================================================
Received Import Request.
  Time since last request: 173.897291 seconds.
  path: Assets/GameJam3ItsBelow/Scenes/SampleScene.unity
  artifactKey: Guid(9fc0d4010bbf28b4594072e72b8655ab) Importer(815301076,1909f56bfc062723c751e8b465ee728b)
Start importing Assets/GameJam3ItsBelow/Scenes/SampleScene.unity using Guid(9fc0d4010bbf28b4594072e72b8655ab) Importer(815301076,1909f56bfc062723c751e8b465ee728b)  -> (artifact id: 'f459c75feb88b4da9a3ec1f8ec126348') in 0.011680 seconds
  Import took 0.016130 seconds .

========================================================================
Received Import Request.
  Time since last request: 0.024942 seconds.
  path: Assets/GameJam3ItsBelow/Scenes/SampleScene.unity
  artifactKey: Guid(9fc0d4010bbf28b4594072e72b8655ab) Importer(815301076,1909f56bfc062723c751e8b465ee728b)
Start importing Assets/GameJam3ItsBelow/Scenes/SampleScene.unity using Guid(9fc0d4010bbf28b4594072e72b8655ab) Importer(815301076,1909f56bfc062723c751e8b465ee728b)  -> (artifact id: 'f459c75feb88b4da9a3ec1f8ec126348') in 0.005259 seconds
  Import took 0.010776 seconds .

========================================================================
Received Prepare
Registering precompiled user dll's ...
Registered in 0.000893 seconds.
Begin MonoManager ReloadAssembly
Native extension for WindowsStandalone target not found
Refreshing native plugins compatible for Editor in 0.69 ms, found 0 plugins.
Preloading 0 native plugins for Editor in 0.00 ms.
Warning: Annotation not found!
UnityEngine.StackTraceUtility:ExtractStackTrace ()
UnityEditor.ProBuilder.EditorUtility:SetGizmoIconEnabled (System.Type,bool) (at Library/PackageCache/com.unity.probuilder@4.4.0/Editor/EditorCore/EditorUtility.cs:593)
UnityEditor.ProBuilder.HierarchyListener:.cctor () (at Library/PackageCache/com.unity.probuilder@4.4.0/Editor/EditorCore/HierarchyListener.cs:21)
System.Runtime.CompilerServices.RuntimeHelpers:RunClassConstructor (System.RuntimeTypeHandle)
UnityEditor.EditorAssemblies:ProcessInitializeOnLoadAttributes (System.Type[])

[Library/PackageCache/com.unity.probuilder@4.4.0/Editor/EditorCore/EditorUtility.cs line 593]

Invoked RoslynAnalysisRunner static constructor.
RoslynAnalysisRunner will not be running.
RoslynAnalysisRunner has terminated.
Mono: successfully reloaded assembly
- Completed reload, in  1.762 seconds
Platform modules already initialized, skipping
Refreshing native plugins compatible for Editor in 0.41 ms, found 0 plugins.
Preloading 0 native plugins for Editor in 0.00 ms.
Unloading 1455 Unused Serialized files (Serialized files now loaded: 0)
System memory in use before: 76.7 MB.
System memory in use after: 76.7 MB.

Unloading 6 unused Assets to reduce memory usage. Loaded Objects now: 1994.
Total: 3.996000 ms (FindLiveObjects: 0.439000 ms CreateObjectMapping: 0.136400 ms MarkObjects: 3.273300 ms  DeleteObjects: 0.144100 ms)

========================================================================
Received Prepare
Registering precompiled user dll's ...
Registered in 0.001199 seconds.
Begin MonoManager ReloadAssembly
Native extension for WindowsStandalone target not found
Refreshing native plugins compatible for Editor in 0.34 ms, found 0 plugins.
Preloading 0 native plugins for Editor in 0.00 ms.
Warning: Annotation not found!
UnityEngine.StackTraceUtility:ExtractStackTrace ()
UnityEditor.ProBuilder.EditorUtility:SetGizmoIconEnabled (System.Type,bool) (at Library/PackageCache/com.unity.probuilder@4.4.0/Editor/EditorCore/EditorUtility.cs:593)
UnityEditor.ProBuilder.HierarchyListener:.cctor () (at Library/PackageCache/com.unity.probuilder@4.4.0/Editor/EditorCore/HierarchyListener.cs:21)
System.Runtime.CompilerServices.RuntimeHelpers:RunClassConstructor (System.RuntimeTypeHandle)
UnityEditor.EditorAssemblies:ProcessInitializeOnLoadAttributes (System.Type[])

[Library/PackageCache/com.unity.probuilder@4.4.0/Editor/EditorCore/EditorUtility.cs line 593]

Invoked RoslynAnalysisRunner static constructor.
RoslynAnalysisRunner will not be running.
RoslynAnalysisRunner has terminated.
Mono: successfully reloaded assembly
- Completed reload, in  1.383 seconds
Platform modules already initialized, skipping
Refreshing native plugins compatible for Editor in 0.44 ms, found 0 plugins.
Preloading 0 native plugins for Editor in 0.00 ms.
Unloading 1455 Unused Serialized files (Serialized files now loaded: 0)
System memory in use before: 76.2 MB.
System memory in use after: 76.2 MB.

Unloading 6 unused Assets to reduce memory usage. Loaded Objects now: 1996.
Total: 3.155600 ms (FindLiveObjects: 0.203000 ms CreateObjectMapping: 0.068700 ms MarkObjects: 2.736500 ms  DeleteObjects: 0.144700 ms)

========================================================================
Received Prepare
Registering precompiled user dll's ...
Registered in 0.000763 seconds.
Begin MonoManager ReloadAssembly
Native extension for WindowsStandalone target not found
Refreshing native plugins compatible for Editor in 0.48 ms, found 0 plugins.
Preloading 0 native plugins for Editor in 0.00 ms.
Warning: Annotation not found!
UnityEngine.StackTraceUtility:ExtractStackTrace ()
UnityEditor.ProBuilder.EditorUtility:SetGizmoIconEnabled (System.Type,bool) (at Library/PackageCache/com.unity.probuilder@4.4.0/Editor/EditorCore/EditorUtility.cs:593)
UnityEditor.ProBuilder.HierarchyListener:.cctor () (at Library/PackageCache/com.unity.probuilder@4.4.0/Editor/EditorCore/HierarchyListener.cs:21)
System.Runtime.CompilerServices.RuntimeHelpers:RunClassConstructor (System.RuntimeTypeHandle)
UnityEditor.EditorAssemblies:ProcessInitializeOnLoadAttributes (System.Type[])

[Library/PackageCache/com.unity.probuilder@4.4.0/Editor/EditorCore/EditorUtility.cs line 593]

Invoked RoslynAnalysisRunner static constructor.
RoslynAnalysisRunner will not be running.
RoslynAnalysisRunner has terminated.
Mono: successfully reloaded assembly
- Completed reload, in  1.390 seconds
Platform modules already initialized, skipping
Refreshing native plugins compatible for Editor in 0.37 ms, found 0 plugins.
Preloading 0 native plugins for Editor in 0.00 ms.
Unloading 1454 Unused Serialized files (Serialized files now loaded: 0)
System memory in use before: 76.6 MB.
System memory in use after: 76.7 MB.

Unloading 7 unused Assets to reduce memory usage. Loaded Objects now: 1997.
Total: 3.472000 ms (FindLiveObjects: 0.322100 ms CreateObjectMapping: 0.079900 ms MarkObjects: 2.912400 ms  DeleteObjects: 0.154600 ms)

========================================================================
Received Prepare
Refreshing native plugins compatible for Editor in 0.98 ms, found 0 plugins.
Preloading 0 native plugins for Editor in 0.00 ms.
Unloading 4 Unused Serialized files (Serialized files now loaded: 0)
System memory in use before: 47.5 MB.
System memory in use after: 47.5 MB.

Unloading 4 unused Assets to reduce memory usage. Loaded Objects now: 1997.
Total: 4.210100 ms (FindLiveObjects: 0.350600 ms CreateObjectMapping: 0.129000 ms MarkObjects: 3.544700 ms  DeleteObjects: 0.172900 ms)

AssetImportWorkerClient::OnTransportError - code=2 error=End of file
